# JRE version: Java(TM) SE Runtime Environment (8.0_66-b18) (build 1.8.0_66-b18)
# Java VM: Java HotSpot(TM) 64-Bit Server VM (25.66-b18 mixed mode windows-amd64 compressed oops)
Heap:
 PSYoungGen      total 71680K, used 32660K [0x00000000d5b00000, 0x00000000da600000, 0x0000000100000000)
  eden space 66560K, 41% used [0x00000000d5b00000,0x00000000d75ea5d0,0x00000000d9c00000)
  from space 5120K, 99% used [0x00000000d9c00000,0x00000000da0faaf0,0x00000000da100000)
  to   space 5120K, 0% used [0x00000000da100000,0x00000000da100000,0x00000000da600000)
 ParOldGen       total 56832K, used 14168K [0x0000000081000000, 0x0000000084780000, 0x00000000d5b00000)
  object space 56832K, 24% used [0x0000000081000000,0x0000000081dd6100,0x0000000084780000)
 Metaspace       used 27724K, capacity 27990K, committed 28416K, reserved 1075200K
  class space    used 3397K, capacity 3488K, committed 3584K, reserved 1048576K
GC Heap History (10 events):
Event: 5.478 GC heap before
{Heap before GC invocations=2 (full 0):
 PSYoungGen      total 38400K, used 38255K [0x00000000d5b00000, 0x00000000d8580000, 0x0000000100000000)
  eden space 33280K, 100% used [0x00000000d5b00000,0x00000000d7b80000,0x00000000d7b80000)
  from space 5120K, 97% used [0x00000000d7b80000,0x00000000d805bfc8,0x00000000d8080000)
  to   space 5120K, 0% used [0x00000000d8080000,0x00000000d8080000,0x00000000d8580000)
 ParOldGen       total 87552K, used 8K [0x0000000081000000, 0x0000000086580000, 0x00000000d5b00000)
  object space 87552K, 0% used [0x0000000081000000,0x0000000081002000,0x0000000086580000)
 Metaspace       used 17138K, capacity 17352K, committed 17664K, reserved 1064960K
  class space    used 2137K, capacity 2200K, committed 2304K, reserved 1048576K
Event: 5.493 GC heap after
Heap after GC invocations=2 (full 0):
 PSYoungGen      total 38400K, used 5115K [0x00000000d5b00000, 0x00000000d8580000, 0x0000000100000000)
  eden space 33280K, 0% used [0x00000000d5b00000,0x00000000d5b00000,0x00000000d7b80000)
  from space 5120K, 99% used [0x00000000d8080000,0x00000000d857ef20,0x00000000d8580000)
  to   space 5120K, 0% used [0x00000000d7b80000,0x00000000d7b80000,0x00000000d8080000)
 ParOldGen       total 87552K, used 5783K [0x0000000081000000, 0x0000000086580000, 0x00000000d5b00000)
  object space 87552K, 6% used [0x0000000081000000,0x00000000815a5c18,0x0000000086580000)
 Metaspace       used 17138K, capacity 17352K, committed 17664K, reserved 1064960K
  class space    used 2137K, capacity 2200K, committed 2304K, reserved 1048576K
}
Event: 6.395 GC heap before
{Heap before GC invocations=3 (full 0):
 PSYoungGen      total 38400K, used 38395K [0x00000000d5b00000, 0x00000000d8580000, 0x0000000100000000)
  eden space 33280K, 100% used [0x00000000d5b00000,0x00000000d7b80000,0x00000000d7b80000)
  from space 5120K, 99% used [0x00000000d8080000,0x00000000d857ef20,0x00000000d8580000)
  to   space 5120K, 0% used [0x00000000d7b80000,0x00000000d7b80000,0x00000000d8080000)
 ParOldGen       total 87552K, used 5783K [0x0000000081000000, 0x0000000086580000, 0x00000000d5b00000)
  object space 87552K, 6% used [0x0000000081000000,0x00000000815a5c18,0x0000000086580000)
 Metaspace       used 19843K, capacity 20168K, committed 20224K, reserved 1067008K
  class space    used 2419K, capacity 2515K, committed 2560K, reserved 1048576K
Event: 6.601 GC heap after
Heap after GC invocations=3 (full 0):
 PSYoungGen      total 38400K, used 5115K [0x00000000d5b00000, 0x00000000da600000, 0x0000000100000000)
  eden space 33280K, 0% used [0x00000000d5b00000,0x00000000d5b00000,0x00000000d7b80000)
  from space 5120K, 99% used [0x00000000d7b80000,0x00000000d807ec30,0x00000000d8080000)
  to   space 5120K, 0% used [0x00000000da100000,0x00000000da100000,0x00000000da600000)
 ParOldGen       total 87552K, used 8933K [0x0000000081000000, 0x0000000086580000, 0x00000000d5b00000)
  object space 87552K, 10% used [0x0000000081000000,0x00000000818b97b0,0x0000000086580000)
 Metaspace       used 19843K, capacity 20168K, committed 20224K, reserved 1067008K
  class space    used 2419K, capacity 2515K, committed 2560K, reserved 1048576K
}
Event: 7.233 GC heap before
{Heap before GC invocations=4 (full 0):
 PSYoungGen      total 38400K, used 37630K [0x00000000d5b00000, 0x00000000da600000, 0x0000000100000000)
  eden space 33280K, 97% used [0x00000000d5b00000,0x00000000d7ac0f28,0x00000000d7b80000)
  from space 5120K, 99% used [0x00000000d7b80000,0x00000000d807ec30,0x00000000d8080000)
  to   space 5120K, 0% used [0x00000000da100000,0x00000000da100000,0x00000000da600000)
 ParOldGen       total 87552K, used 8933K [0x0000000081000000, 0x0000000086580000, 0x00000000d5b00000)
  object space 87552K, 10% used [0x0000000081000000,0x00000000818b97b0,0x0000000086580000)
 Metaspace       used 20858K, capacity 21146K, committed 21296K, reserved 1069056K
  class space    used 2551K, capacity 2646K, committed 2688K, reserved 1048576K
Event: 7.273 GC heap after
Heap after GC invocations=4 (full 0):
 PSYoungGen      total 71680K, used 5104K [0x00000000d5b00000, 0x00000000da600000, 0x0000000100000000)
  eden space 66560K, 0% used [0x00000000d5b00000,0x00000000d5b00000,0x00000000d9c00000)
  from space 5120K, 99% used [0x00000000da100000,0x00000000da5fc010,0x00000000da600000)
  to   space 5120K, 0% used [0x00000000d9c00000,0x00000000d9c00000,0x00000000da100000)
 ParOldGen       total 87552K, used 11566K [0x0000000081000000, 0x0000000086580000, 0x00000000d5b00000)
  object space 87552K, 13% used [0x0000000081000000,0x0000000081b4b850,0x0000000086580000)
 Metaspace       used 20858K, capacity 21146K, committed 21296K, reserved 1069056K
  class space    used 2551K, capacity 2646K, committed 2688K, reserved 1048576K
}
Event: 7.273 GC heap before
{Heap before GC invocations=5 (full 1):
 PSYoungGen      total 71680K, used 5104K [0x00000000d5b00000, 0x00000000da600000, 0x0000000100000000)
  eden space 66560K, 0% used [0x00000000d5b00000,0x00000000d5b00000,0x00000000d9c00000)
  from space 5120K, 99% used [0x00000000da100000,0x00000000da5fc010,0x00000000da600000)
  to   space 5120K, 0% used [0x00000000d9c00000,0x00000000d9c00000,0x00000000da100000)
 ParOldGen       total 87552K, used 11566K [0x0000000081000000, 0x0000000086580000, 0x00000000d5b00000)
  object space 87552K, 13% used [0x0000000081000000,0x0000000081b4b850,0x0000000086580000)
 Metaspace       used 20858K, capacity 21146K, committed 21296K, reserved 1069056K
  class space    used 2551K, capacity 2646K, committed 2688K, reserved 1048576K
Event: 7.400 GC heap after
Heap after GC invocations=5 (full 1):
 PSYoungGen      total 71680K, used 0K [0x00000000d5b00000, 0x00000000da600000, 0x0000000100000000)
  eden space 66560K, 0% used [0x00000000d5b00000,0x00000000d5b00000,0x00000000d9c00000)
  from space 5120K, 0% used [0x00000000da100000,0x00000000da100000,0x00000000da600000)
  to   space 5120K, 0% used [0x00000000d9c00000,0x00000000d9c00000,0x00000000da100000)
 ParOldGen       total 56832K, used 10954K [0x0000000081000000, 0x0000000084780000, 0x00000000d5b00000)
  object space 56832K, 19% used [0x0000000081000000,0x0000000081ab2a40,0x0000000084780000)
 Metaspace       used 20858K, capacity 21146K, committed 21296K, reserved 1069056K
  class space    used 2551K, capacity 2646K, committed 2688K, reserved 1048576K
}
Event: 9.445 GC heap before
{Heap before GC invocations=6 (full 1):
 PSYoungGen      total 71680K, used 66560K [0x00000000d5b00000, 0x00000000da600000, 0x0000000100000000)
  eden space 66560K, 100% used [0x00000000d5b00000,0x00000000d9c00000,0x00000000d9c00000)
  from space 5120K, 0% used [0x00000000da100000,0x00000000da100000,0x00000000da600000)
  to   space 5120K, 0% used [0x00000000d9c00000,0x00000000d9c00000,0x00000000da100000)
 ParOldGen       total 56832K, used 10954K [0x0000000081000000, 0x0000000084780000, 0x00000000d5b00000)
  object space 56832K, 19% used [0x0000000081000000,0x0000000081ab2a40,0x0000000084780000)
 Metaspace       used 26815K, capacity 27160K, committed 27520K, reserved 1073152K
  class space    used 3288K, capacity 3387K, committed 3456K, reserved 1048576K
Event: 9.469 GC heap after
Heap after GC invocations=6 (full 1):
 PSYoungGen      total 71680K, used 5098K [0x00000000d5b00000, 0x00000000da600000, 0x0000000100000000)
  eden space 66560K, 0% used [0x00000000d5b00000,0x00000000d5b00000,0x00000000d9c00000)
  from space 5120K, 99% used [0x00000000d9c00000,0x00000000da0faaf0,0x00000000da100000)
  to   space 5120K, 0% used [0x00000000da100000,0x00000000da100000,0x00000000da600000)
 ParOldGen       total 56832K, used 14168K [0x0000000081000000, 0x0000000084780000, 0x00000000d5b00000)
  object space 56832K, 24% used [0x0000000081000000,0x0000000081dd6100,0x0000000084780000)
 Metaspace       used 26815K, capacity 27160K, committed 27520K, reserved 1073152K
  class space    used 3288K, capacity 3387K, committed 3456K, reserved 1048576K
}

